{"/Users/nsl-alaguna/Documents/personal/react_task_nuorder/src/App.js": {"path":"/Users/nsl-alaguna/Documents/personal/react_task_nuorder/src/App.js","statementMap":{"0":{"start":{"line":8,"column":18},"end":{"line":8,"column":34}},"1":{"start":{"line":9,"column":30},"end":{"line":9,"column":42}},"2":{"start":{"line":10,"column":34},"end":{"line":10,"column":46}},"3":{"start":{"line":12,"column":2},"end":{"line":18,"column":9}},"4":{"start":{"line":14,"column":20},"end":{"line":14,"column":45}},"5":{"start":{"line":15,"column":6},"end":{"line":15,"column":23}},"6":{"start":{"line":17,"column":4},"end":{"line":17,"column":18}},"7":{"start":{"line":20,"column":22},"end":{"line":22,"column":3}},"8":{"start":{"line":21,"column":4},"end":{"line":21,"column":23}},"9":{"start":{"line":24,"column":2},"end":{"line":35,"column":4}}},"fnMap":{"0":{"name":"App","decl":{"start":{"line":7,"column":9},"end":{"line":7,"column":12}},"loc":{"start":{"line":7,"column":15},"end":{"line":36,"column":1}},"line":7},"1":{"name":"(anonymous_1)","decl":{"start":{"line":12,"column":12},"end":{"line":12,"column":13}},"loc":{"start":{"line":12,"column":18},"end":{"line":18,"column":3}},"line":12},"2":{"name":"fetchIssues","decl":{"start":{"line":13,"column":19},"end":{"line":13,"column":30}},"loc":{"start":{"line":13,"column":33},"end":{"line":16,"column":5}},"line":13},"3":{"name":"(anonymous_3)","decl":{"start":{"line":20,"column":22},"end":{"line":20,"column":23}},"loc":{"start":{"line":20,"column":33},"end":{"line":22,"column":3}},"line":20}},"branchMap":{},"s":{"0":1,"1":1,"2":1,"3":1,"4":0,"5":0,"6":0,"7":1,"8":0,"9":1},"f":{"0":1,"1":0,"2":0,"3":0},"b":{},"_coverageSchema":"43e27e138ebf9cfc5966b082cf9a028302ed4184","hash":"4f5878a96198d2e759501451ac19ad58eb965e53"}
,"/Users/nsl-alaguna/Documents/personal/react_task_nuorder/src/component/AutoComplete/index.jsx": {"path":"/Users/nsl-alaguna/Documents/personal/react_task_nuorder/src/component/AutoComplete/index.jsx","statementMap":{"0":{"start":{"line":5,"column":36},"end":{"line":5,"column":41}},"1":{"start":{"line":6,"column":30},"end":{"line":6,"column":42}},"2":{"start":{"line":7,"column":46},"end":{"line":7,"column":58}},"3":{"start":{"line":8,"column":30},"end":{"line":8,"column":45}},"4":{"start":{"line":10,"column":2},"end":{"line":12,"column":3}},"5":{"start":{"line":11,"column":4},"end":{"line":11,"column":35}},"6":{"start":{"line":13,"column":23},"end":{"line":15,"column":3}},"7":{"start":{"line":14,"column":4},"end":{"line":14,"column":25}},"8":{"start":{"line":17,"column":23},"end":{"line":24,"column":3}},"9":{"start":{"line":18,"column":4},"end":{"line":18,"column":30}},"10":{"start":{"line":19,"column":4},"end":{"line":23,"column":5}},"11":{"start":{"line":20,"column":6},"end":{"line":20,"column":22}},"12":{"start":{"line":22,"column":6},"end":{"line":22,"column":23}},"13":{"start":{"line":26,"column":25},"end":{"line":58,"column":3}},"14":{"start":{"line":27,"column":23},"end":{"line":27,"column":70}},"15":{"start":{"line":28,"column":4},"end":{"line":37,"column":5}},"16":{"start":{"line":29,"column":17},"end":{"line":31,"column":27}},"17":{"start":{"line":32,"column":28},"end":{"line":34,"column":10}},"18":{"start":{"line":33,"column":19},"end":{"line":33,"column":42}},"19":{"start":{"line":35,"column":6},"end":{"line":35,"column":35}},"20":{"start":{"line":36,"column":6},"end":{"line":36,"column":23}},"21":{"start":{"line":38,"column":4},"end":{"line":49,"column":5}},"22":{"start":{"line":43,"column":6},"end":{"line":43,"column":44}},"23":{"start":{"line":44,"column":6},"end":{"line":48,"column":7}},"24":{"start":{"line":45,"column":8},"end":{"line":47,"column":44}},"25":{"start":{"line":50,"column":4},"end":{"line":57,"column":5}},"26":{"start":{"line":51,"column":6},"end":{"line":51,"column":44}},"27":{"start":{"line":52,"column":6},"end":{"line":56,"column":7}},"28":{"start":{"line":53,"column":8},"end":{"line":55,"column":48}},"29":{"start":{"line":60,"column":2},"end":{"line":94,"column":4}},"30":{"start":{"line":75,"column":16},"end":{"line":75,"column":76}},"31":{"start":{"line":78,"column":14},"end":{"line":89,"column":19}},"32":{"start":{"line":80,"column":18},"end":{"line":80,"column":39}}},"fnMap":{"0":{"name":"AutoComplete","decl":{"start":{"line":4,"column":9},"end":{"line":4,"column":21}},"loc":{"start":{"line":4,"column":29},"end":{"line":95,"column":1}},"line":4},"1":{"name":"(anonymous_1)","decl":{"start":{"line":13,"column":23},"end":{"line":13,"column":24}},"loc":{"start":{"line":13,"column":37},"end":{"line":15,"column":3}},"line":13},"2":{"name":"(anonymous_2)","decl":{"start":{"line":17,"column":23},"end":{"line":17,"column":24}},"loc":{"start":{"line":17,"column":30},"end":{"line":24,"column":3}},"line":17},"3":{"name":"(anonymous_3)","decl":{"start":{"line":26,"column":25},"end":{"line":26,"column":26}},"loc":{"start":{"line":26,"column":32},"end":{"line":58,"column":3}},"line":26},"4":{"name":"(anonymous_4)","decl":{"start":{"line":33,"column":8},"end":{"line":33,"column":9}},"loc":{"start":{"line":33,"column":19},"end":{"line":33,"column":42}},"line":33},"5":{"name":"(anonymous_5)","decl":{"start":{"line":74,"column":14},"end":{"line":74,"column":15}},"loc":{"start":{"line":75,"column":16},"end":{"line":75,"column":76}},"line":75},"6":{"name":"(anonymous_6)","decl":{"start":{"line":77,"column":17},"end":{"line":77,"column":18}},"loc":{"start":{"line":78,"column":14},"end":{"line":89,"column":19}},"line":78},"7":{"name":"(anonymous_7)","decl":{"start":{"line":79,"column":25},"end":{"line":79,"column":26}},"loc":{"start":{"line":79,"column":32},"end":{"line":81,"column":17}},"line":79}},"branchMap":{"0":{"loc":{"start":{"line":10,"column":2},"end":{"line":12,"column":3}},"type":"if","locations":[{"start":{"line":10,"column":2},"end":{"line":12,"column":3}},{"start":{"line":10,"column":2},"end":{"line":12,"column":3}}],"line":10},"1":{"loc":{"start":{"line":19,"column":4},"end":{"line":23,"column":5}},"type":"if","locations":[{"start":{"line":19,"column":4},"end":{"line":23,"column":5}},{"start":{"line":19,"column":4},"end":{"line":23,"column":5}}],"line":19},"2":{"loc":{"start":{"line":28,"column":4},"end":{"line":37,"column":5}},"type":"if","locations":[{"start":{"line":28,"column":4},"end":{"line":37,"column":5}},{"start":{"line":28,"column":4},"end":{"line":37,"column":5}}],"line":28},"3":{"loc":{"start":{"line":28,"column":8},"end":{"line":28,"column":50}},"type":"binary-expr","locations":[{"start":{"line":28,"column":8},"end":{"line":28,"column":25}},{"start":{"line":28,"column":29},"end":{"line":28,"column":50}}],"line":28},"4":{"loc":{"start":{"line":38,"column":4},"end":{"line":49,"column":5}},"type":"if","locations":[{"start":{"line":38,"column":4},"end":{"line":49,"column":5}},{"start":{"line":38,"column":4},"end":{"line":49,"column":5}}],"line":38},"5":{"loc":{"start":{"line":39,"column":6},"end":{"line":41,"column":37}},"type":"binary-expr","locations":[{"start":{"line":39,"column":6},"end":{"line":39,"column":27}},{"start":{"line":40,"column":6},"end":{"line":40,"column":40}},{"start":{"line":41,"column":6},"end":{"line":41,"column":37}}],"line":39},"6":{"loc":{"start":{"line":44,"column":6},"end":{"line":48,"column":7}},"type":"if","locations":[{"start":{"line":44,"column":6},"end":{"line":48,"column":7}},{"start":{"line":44,"column":6},"end":{"line":48,"column":7}}],"line":44},"7":{"loc":{"start":{"line":50,"column":4},"end":{"line":57,"column":5}},"type":"if","locations":[{"start":{"line":50,"column":4},"end":{"line":57,"column":5}},{"start":{"line":50,"column":4},"end":{"line":57,"column":5}}],"line":50},"8":{"loc":{"start":{"line":50,"column":8},"end":{"line":50,"column":49}},"type":"binary-expr","locations":[{"start":{"line":50,"column":8},"end":{"line":50,"column":27}},{"start":{"line":50,"column":31},"end":{"line":50,"column":49}}],"line":50},"9":{"loc":{"start":{"line":52,"column":6},"end":{"line":56,"column":7}},"type":"if","locations":[{"start":{"line":52,"column":6},"end":{"line":56,"column":7}},{"start":{"line":52,"column":6},"end":{"line":56,"column":7}}],"line":52},"10":{"loc":{"start":{"line":52,"column":10},"end":{"line":52,"column":71}},"type":"binary-expr","locations":[{"start":{"line":52,"column":10},"end":{"line":52,"column":40}},{"start":{"line":52,"column":44},"end":{"line":52,"column":71}}],"line":52},"11":{"loc":{"start":{"line":70,"column":7},"end":{"line":92,"column":7}},"type":"binary-expr","locations":[{"start":{"line":70,"column":7},"end":{"line":70,"column":13}},{"start":{"line":71,"column":8},"end":{"line":91,"column":13}}],"line":70},"12":{"loc":{"start":{"line":85,"column":18},"end":{"line":85,"column":78}},"type":"cond-expr","locations":[{"start":{"line":85,"column":45},"end":{"line":85,"column":68}},{"start":{"line":85,"column":71},"end":{"line":85,"column":78}}],"line":85}},"s":{"0":10,"1":10,"2":10,"3":10,"4":10,"5":0,"6":10,"7":0,"8":10,"9":2,"10":2,"11":1,"12":1,"13":10,"14":6,"15":6,"16":1,"17":1,"18":3,"19":1,"20":1,"21":6,"22":3,"23":3,"24":2,"25":6,"26":2,"27":2,"28":2,"29":10,"30":18,"31":18,"32":0},"f":{"0":10,"1":0,"2":2,"3":6,"4":3,"5":18,"6":18,"7":0},"b":{"0":[0,10],"1":[1,1],"2":[1,5],"3":[6,1],"4":[3,3],"5":[6,3,3],"6":[2,1],"7":[2,4],"8":[6,2],"9":[2,0],"10":[2,2],"11":[10,6],"12":[5,13]},"_coverageSchema":"43e27e138ebf9cfc5966b082cf9a028302ed4184","hash":"1251e75e95523020d7cbcca744e6222383d99083"}
,"/Users/nsl-alaguna/Documents/personal/react_task_nuorder/src/component/SelectedIssue/index.jsx": {"path":"/Users/nsl-alaguna/Documents/personal/react_task_nuorder/src/component/SelectedIssue/index.jsx","statementMap":{"0":{"start":{"line":5,"column":19},"end":{"line":5,"column":24}},"1":{"start":{"line":7,"column":2},"end":{"line":9,"column":3}},"2":{"start":{"line":8,"column":4},"end":{"line":8,"column":37}},"3":{"start":{"line":10,"column":2},"end":{"line":31,"column":4}},"4":{"start":{"line":24,"column":10},"end":{"line":27,"column":17}}},"fnMap":{"0":{"name":"SelectedIssue","decl":{"start":{"line":4,"column":9},"end":{"line":4,"column":22}},"loc":{"start":{"line":4,"column":30},"end":{"line":32,"column":1}},"line":4},"1":{"name":"(anonymous_1)","decl":{"start":{"line":23,"column":25},"end":{"line":23,"column":26}},"loc":{"start":{"line":24,"column":10},"end":{"line":27,"column":17}},"line":24}},"branchMap":{"0":{"loc":{"start":{"line":7,"column":2},"end":{"line":9,"column":3}},"type":"if","locations":[{"start":{"line":7,"column":2},"end":{"line":9,"column":3}},{"start":{"line":7,"column":2},"end":{"line":9,"column":3}}],"line":7},"1":{"loc":{"start":{"line":7,"column":6},"end":{"line":7,"column":40}},"type":"binary-expr","locations":[{"start":{"line":7,"column":6},"end":{"line":7,"column":11}},{"start":{"line":7,"column":15},"end":{"line":7,"column":40}}],"line":7},"2":{"loc":{"start":{"line":18,"column":9},"end":{"line":18,"column":74}},"type":"cond-expr","locations":[{"start":{"line":18,"column":34},"end":{"line":18,"column":69}},{"start":{"line":18,"column":72},"end":{"line":18,"column":74}}],"line":18},"3":{"loc":{"start":{"line":26,"column":19},"end":{"line":26,"column":61}},"type":"cond-expr","locations":[{"start":{"line":26,"column":52},"end":{"line":26,"column":56}},{"start":{"line":26,"column":59},"end":{"line":26,"column":61}}],"line":26}},"s":{"0":3,"1":3,"2":1,"3":2,"4":4},"f":{"0":3,"1":4},"b":{"0":[1,2],"1":[3,2],"2":[1,1],"3":[2,2]},"_coverageSchema":"43e27e138ebf9cfc5966b082cf9a028302ed4184","hash":"bcb757a8b36baa78fd3b8b4c01eaef0e40d316a3"}
,"/Users/nsl-alaguna/Documents/personal/react_task_nuorder/src/service/ApiService.js": {"path":"/Users/nsl-alaguna/Documents/personal/react_task_nuorder/src/service/ApiService.js","statementMap":{"0":{"start":{"line":3,"column":16},"end":{"line":5,"column":5}},"1":{"start":{"line":6,"column":17},"end":{"line":6,"column":33}},"2":{"start":{"line":7,"column":4},"end":{"line":7,"column":16}}},"fnMap":{"0":{"name":"(anonymous_0)","decl":{"start":{"line":2,"column":2},"end":{"line":2,"column":3}},"loc":{"start":{"line":2,"column":20},"end":{"line":8,"column":3}},"line":2}},"branchMap":{},"s":{"0":1,"1":1,"2":1},"f":{"0":1},"b":{},"_coverageSchema":"43e27e138ebf9cfc5966b082cf9a028302ed4184","hash":"48186b33b16aea410aa817127b9330abadfa94b5"}
}
