TN:
SF:/Users/nsl-alaguna/Documents/personal/react_task_nuorder/src/App.js
FN:7,App
FN:12,(anonymous_1)
FN:13,fetchIssues
FN:20,(anonymous_3)
FNF:4
FNH:1
FNDA:1,App
FNDA:0,(anonymous_1)
FNDA:0,fetchIssues
FNDA:0,(anonymous_3)
DA:8,1
DA:9,1
DA:10,1
DA:12,1
DA:14,0
DA:15,0
DA:17,0
DA:20,1
DA:21,0
DA:24,1
LF:10
LH:6
BRF:0
BRH:0
end_of_record
TN:
SF:/Users/nsl-alaguna/Documents/personal/react_task_nuorder/src/component/AutoComplete/index.jsx
FN:4,AutoComplete
FN:13,(anonymous_1)
FN:17,(anonymous_2)
FN:26,(anonymous_3)
FN:33,(anonymous_4)
FN:74,(anonymous_5)
FN:77,(anonymous_6)
FN:79,(anonymous_7)
FNF:8
FNH:6
FNDA:10,AutoComplete
FNDA:0,(anonymous_1)
FNDA:2,(anonymous_2)
FNDA:6,(anonymous_3)
FNDA:3,(anonymous_4)
FNDA:18,(anonymous_5)
FNDA:18,(anonymous_6)
FNDA:0,(anonymous_7)
DA:5,10
DA:6,10
DA:7,10
DA:8,10
DA:10,10
DA:11,0
DA:13,10
DA:14,0
DA:17,10
DA:18,2
DA:19,2
DA:20,1
DA:22,1
DA:26,10
DA:27,6
DA:28,6
DA:29,1
DA:32,1
DA:33,3
DA:35,1
DA:36,1
DA:38,6
DA:43,3
DA:44,3
DA:45,2
DA:50,6
DA:51,2
DA:52,2
DA:53,2
DA:60,10
DA:75,18
DA:78,18
DA:80,0
LF:33
LH:30
BRDA:10,0,0,0
BRDA:10,0,1,10
BRDA:19,1,0,1
BRDA:19,1,1,1
BRDA:28,2,0,1
BRDA:28,2,1,5
BRDA:28,3,0,6
BRDA:28,3,1,1
BRDA:38,4,0,3
BRDA:38,4,1,3
BRDA:39,5,0,6
BRDA:39,5,1,3
BRDA:39,5,2,3
BRDA:44,6,0,2
BRDA:44,6,1,1
BRDA:50,7,0,2
BRDA:50,7,1,4
BRDA:50,8,0,6
BRDA:50,8,1,2
BRDA:52,9,0,2
BRDA:52,9,1,0
BRDA:52,10,0,2
BRDA:52,10,1,2
BRDA:70,11,0,10
BRDA:70,11,1,6
BRDA:85,12,0,5
BRDA:85,12,1,13
BRF:27
BRH:25
end_of_record
TN:
SF:/Users/nsl-alaguna/Documents/personal/react_task_nuorder/src/component/SelectedIssue/index.jsx
FN:4,SelectedIssue
FN:23,(anonymous_1)
FNF:2
FNH:2
FNDA:3,SelectedIssue
FNDA:4,(anonymous_1)
DA:5,3
DA:7,3
DA:8,1
DA:10,2
DA:24,4
LF:5
LH:5
BRDA:7,0,0,1
BRDA:7,0,1,2
BRDA:7,1,0,3
BRDA:7,1,1,2
BRDA:18,2,0,1
BRDA:18,2,1,1
BRDA:26,3,0,2
BRDA:26,3,1,2
BRF:8
BRH:8
end_of_record
TN:
SF:/Users/nsl-alaguna/Documents/personal/react_task_nuorder/src/service/ApiService.js
FN:2,(anonymous_0)
FNF:1
FNH:1
FNDA:1,(anonymous_0)
DA:3,1
DA:6,1
DA:7,1
LF:3
LH:3
BRF:0
BRH:0
end_of_record
